2024-08-08 21:05:39 - No login attempt detected.
2024-08-08 21:12:06 - No login attempt detected.
2024-08-08 21:13:48 - No login attempt detected.
2024-08-08 21:22:00 - Failed reCAPTCHA for username (not provided): Login attempt blocked.
2024-08-08 21:22:07 - Failed reCAPTCHA for username (not provided): Login attempt blocked.
2024-08-08 21:22:39 - Failed reCAPTCHA for username : Login attempt blocked.
2024-08-08 21:22:45 - No login attempt detected.
2024-08-08 21:26:11 - No login attempt detected.
2024-08-08 21:35:28 - No login attempt detected.
2024-08-08 21:35:45 - No login attempt detected.
2024-08-08 21:35:54 - No login attempt detected.
2024-08-08 21:36:12 - No login attempt detected.
2024-08-08 21:37:42 - No login attempt detected.
2024-08-08 21:45:40 - Failed reCAPTCHA for username : Login attempt blocked.
2024-08-08 22:04:37 - Failed login attempt for non-existing username: 123213
2024-08-08 22:04:47 - Failed login attempt for username: admin - Incorrect password
2024-08-08 22:05:13 - Successful login for username: admin
2024-08-08 22:10:57 - Failed login attempt for non-existing username: 123123
2024-08-08 22:11:11 - Failed login attempt for username: evan - Incorrect password
2024-08-08 22:14:13 - Failed login attempt for username: evan - Incorrect password
2024-08-08 22:17:19 - Failed login attempt for username: evan - Incorrect password
2024-08-08 22:18:26 - Failed login attempt for username: evan - Incorrect password
2024-08-08 22:20:13 - Failed login attempt for username: evan - Incorrect password
